<?xml version="1.0" encoding="UTF-8"?>
<!-- Generated by org.testng.reporters.JUnitXMLReporter -->
<testsuite ignored="4" hostname="SSTDEVLT0010" failures="9" tests="13" name="Login and Modules Navigation Test" time="293.937" errors="0" timestamp="2024-12-30T14:59:43 IST">
  <testcase classname="com.qa.sstaiframework.tests.SubAgent_ValidationTest" name="@BeforeClass setUpAgentTest" time="0.002">
    <failure type="java.lang.NullPointerException" message="Cannot invoke &amp;quot;java.util.Properties.getProperty(String)&amp;quot; because &amp;quot;this.prop&amp;quot; is null">
      <![CDATA[java.lang.NullPointerException: Cannot invoke "java.util.Properties.getProperty(String)" because "this.prop" is null
at com.qa.sstaiframework.tests.SubAgent_ValidationTest.setUpAgentTest(SubAgent_ValidationTest.java:24)
at java.base/java.util.concurrent.Executors$RunnableAdapter.call(Executors.java:539)
at java.base/java.util.concurrent.FutureTask.run(FutureTask.java:264)
at java.base/java.util.concurrent.ThreadPoolExecutor.runWorker(ThreadPoolExecutor.java:1136)
at java.base/java.util.concurrent.ThreadPoolExecutor$Worker.run(ThreadPoolExecutor.java:635)
at java.base/java.lang.Thread.run(Thread.java:833)
... Removed 11 stack frames]]>
    </failure>
  </testcase> <!-- @BeforeClass setUpAgentTest -->
  <testcase classname="com.qa.sstaiframework.tests.Agent_ValidationTest" name="@BeforeClass setUpAgentValidation" time="0.002">
    <failure type="java.lang.NullPointerException" message="Cannot invoke &amp;quot;java.util.Properties.getProperty(String)&amp;quot; because &amp;quot;this.prop&amp;quot; is null">
      <![CDATA[java.lang.NullPointerException: Cannot invoke "java.util.Properties.getProperty(String)" because "this.prop" is null
at com.qa.sstaiframework.tests.Agent_ValidationTest.setUpAgentValidation(Agent_ValidationTest.java:23)
at java.base/java.util.concurrent.Executors$RunnableAdapter.call(Executors.java:539)
at java.base/java.util.concurrent.FutureTask.run(FutureTask.java:264)
at java.base/java.util.concurrent.ThreadPoolExecutor.runWorker(ThreadPoolExecutor.java:1136)
at java.base/java.util.concurrent.ThreadPoolExecutor$Worker.run(ThreadPoolExecutor.java:635)
at java.base/java.lang.Thread.run(Thread.java:833)
... Removed 11 stack frames]]>
    </failure>
  </testcase> <!-- @BeforeClass setUpAgentValidation -->
  <testcase classname="com.qa.sstaiframework.tests.SubAgent_ValidationTest" name="checkProfileValidationTest" time="0.0">
    <skipped/>
  </testcase> <!-- checkProfileValidationTest -->
  <testcase classname="com.qa.sstaiframework.tests.Agent_ValidationTest" name="checkProfileValidationTest" time="0.001">
    <skipped/>
  </testcase> <!-- checkProfileValidationTest -->
  <testcase classname="com.qa.sstaiframework.tests.Agent_ValidationTest" name="checkConfigValidationTest" time="0.0">
    <skipped/>
  </testcase> <!-- checkConfigValidationTest -->
  <testcase classname="com.qa.sstaiframework.tests.SubAgent_ValidationTest" name="checkConfigValidationTest" time="0.0">
    <skipped/>
  </testcase> <!-- checkConfigValidationTest -->
  <testcase classname="com.qa.sstaiframework.tests.Modules_NavigationTest" name="createNewProjectTest" time="15.346">
    <failure type="com.microsoft.playwright.TimeoutError" message="Error {
  message=&amp;apos;Timeout 10000ms exceeded.
  name=&amp;apos;TimeoutError
  stack=&amp;apos;TimeoutError: Timeout 10000ms exceeded.
    at ProgressController.run (C:\Users\kaver\AppData\Local\Temp\playwright-java-18146510346039525218\package\lib\server\progress.js:78:26)
    at Frame.waitForSelector (C:\Users\kaver\AppData\Local\Temp\playwright-java-18146510346039525218\package\lib\server\frames.js:619:23)
    at FrameDispatcher.waitForSelector (C:\Users\kaver\AppData\Local\Temp\playwright-java-18146510346039525218\package\lib\server\dispatchers\frameDispatcher.js:106:103)
    at FrameDispatcher._handleCommand (C:\Users\kaver\AppData\Local\Temp\playwright-java-18146510346039525218\package\lib\server\dispatchers\dispatcher.js:94:40)
    at DispatcherConnection.dispatch (C:\Users\kaver\AppData\Local\Temp\playwright-java-18146510346039525218\package\lib\server\dispatchers\dispatcher.js:365:39)
}
Call log:
- waiting for locator(&amp;quot;//h4[normalize-space()=&amp;apos;Create New Project&amp;apos;]&amp;quot;) to be visible
">
      <![CDATA[com.microsoft.playwright.TimeoutError: Error {
  message='Timeout 10000ms exceeded.
  name='TimeoutError
  stack='TimeoutError: Timeout 10000ms exceeded.
    at ProgressController.run (C:\Users\kaver\AppData\Local\Temp\playwright-java-18146510346039525218\package\lib\server\progress.js:78:26)
    at Frame.waitForSelector (C:\Users\kaver\AppData\Local\Temp\playwright-java-18146510346039525218\package\lib\server\frames.js:619:23)
    at FrameDispatcher.waitForSelector (C:\Users\kaver\AppData\Local\Temp\playwright-java-18146510346039525218\package\lib\server\dispatchers\frameDispatcher.js:106:103)
    at FrameDispatcher._handleCommand (C:\Users\kaver\AppData\Local\Temp\playwright-java-18146510346039525218\package\lib\server\dispatchers\dispatcher.js:94:40)
    at DispatcherConnection.dispatch (C:\Users\kaver\AppData\Local\Temp\playwright-java-18146510346039525218\package\lib\server\dispatchers\dispatcher.js:365:39)
}
Call log:
- waiting for locator("//h4[normalize-space()='Create New Project']") to be visible

at com.microsoft.playwright.impl.WaitableResult.get(WaitableResult.java:52)
at com.microsoft.playwright.impl.ChannelOwner.runUntil(ChannelOwner.java:120)
at com.microsoft.playwright.impl.Connection.sendMessage(Connection.java:130)
at com.microsoft.playwright.impl.ChannelOwner.sendMessage(ChannelOwner.java:106)
at com.microsoft.playwright.impl.FrameImpl.waitForSelectorImpl(FrameImpl.java:1060)
at com.microsoft.playwright.impl.FrameImpl.waitForSelectorImpl(FrameImpl.java:1050)
at com.microsoft.playwright.impl.PageImpl.lambda$waitForSelector$93(PageImpl.java:1491)
at com.microsoft.playwright.impl.LoggingSupport.withLogging(LoggingSupport.java:47)
at com.microsoft.playwright.impl.ChannelOwner.withLogging(ChannelOwner.java:89)
at com.microsoft.playwright.impl.PageImpl.waitForSelector(PageImpl.java:1490)
at com.qa.sstaiframework.pages.ModulesNavigation.isCreateNewProjectVisible(ModulesNavigation.java:50)
at com.qa.sstaiframework.tests.Modules_NavigationTest.createNewProjectTest(Modules_NavigationTest.java:27)
at java.base/java.util.concurrent.Executors$RunnableAdapter.call(Executors.java:539)
at java.base/java.util.concurrent.FutureTask.run(FutureTask.java:264)
at java.base/java.util.concurrent.ThreadPoolExecutor.runWorker(ThreadPoolExecutor.java:1136)
at java.base/java.util.concurrent.ThreadPoolExecutor$Worker.run(ThreadPoolExecutor.java:635)
at java.base/java.lang.Thread.run(Thread.java:833)
Caused by: com.microsoft.playwright.TimeoutError: Error {
  message='Timeout 10000ms exceeded.
  name='TimeoutError
  stack='TimeoutError: Timeout 10000ms exceeded.
    at ProgressController.run (C:\Users\kaver\AppData\Local\Temp\playwright-java-18146510346039525218\package\lib\server\progress.js:78:26)
    at Frame.waitForSelector (C:\Users\kaver\AppData\Local\Temp\playwright-java-18146510346039525218\package\lib\server\frames.js:619:23)
    at FrameDispatcher.waitForSelector (C:\Users\kaver\AppData\Local\Temp\playwright-java-18146510346039525218\package\lib\server\dispatchers\frameDispatcher.js:106:103)
    at FrameDispatcher._handleCommand (C:\Users\kaver\AppData\Local\Temp\playwright-java-18146510346039525218\package\lib\server\dispatchers\dispatcher.js:94:40)
    at DispatcherConnection.dispatch (C:\Users\kaver\AppData\Local\Temp\playwright-java-18146510346039525218\package\lib\server\dispatchers\dispatcher.js:365:39)
}
Call log:
- waiting for locator("//h4[normalize-space()='Create New Project']") to be visible

at com.microsoft.playwright.impl.Connection.dispatch(Connection.java:254)
at com.microsoft.playwright.impl.Connection.processOneMessage(Connection.java:211)
at com.microsoft.playwright.impl.ChannelOwner.runUntil(ChannelOwner.java:118)
... 28 more
... Removed 13 stack frames]]>
    </failure>
  </testcase> <!-- createNewProjectTest -->
  <testcase classname="com.qa.sstaiframework.tests.Modules_NavigationTest" name="agentScreenNavigationTest" time="20.755">
    <failure type="com.microsoft.playwright.TimeoutError" message="Error {
  message=&amp;apos;Timeout 10000ms exceeded.
  name=&amp;apos;TimeoutError
  stack=&amp;apos;TimeoutError: Timeout 10000ms exceeded.
    at ProgressController.run (C:\Users\kaver\AppData\Local\Temp\playwright-java-18146510346039525218\package\lib\server\progress.js:78:26)
    at Frame.waitForSelector (C:\Users\kaver\AppData\Local\Temp\playwright-java-18146510346039525218\package\lib\server\frames.js:619:23)
    at FrameDispatcher.waitForSelector (C:\Users\kaver\AppData\Local\Temp\playwright-java-18146510346039525218\package\lib\server\dispatchers\frameDispatcher.js:106:103)
    at FrameDispatcher._handleCommand (C:\Users\kaver\AppData\Local\Temp\playwright-java-18146510346039525218\package\lib\server\dispatchers\dispatcher.js:94:40)
    at DispatcherConnection.dispatch (C:\Users\kaver\AppData\Local\Temp\playwright-java-18146510346039525218\package\lib\server\dispatchers\dispatcher.js:365:39)
}
Call log:
- waiting for locator(&amp;quot;//h4[normalize-space()=&amp;apos;Select Agent&amp;apos;]&amp;quot;) to be visible
">
      <![CDATA[com.microsoft.playwright.TimeoutError: Error {
  message='Timeout 10000ms exceeded.
  name='TimeoutError
  stack='TimeoutError: Timeout 10000ms exceeded.
    at ProgressController.run (C:\Users\kaver\AppData\Local\Temp\playwright-java-18146510346039525218\package\lib\server\progress.js:78:26)
    at Frame.waitForSelector (C:\Users\kaver\AppData\Local\Temp\playwright-java-18146510346039525218\package\lib\server\frames.js:619:23)
    at FrameDispatcher.waitForSelector (C:\Users\kaver\AppData\Local\Temp\playwright-java-18146510346039525218\package\lib\server\dispatchers\frameDispatcher.js:106:103)
    at FrameDispatcher._handleCommand (C:\Users\kaver\AppData\Local\Temp\playwright-java-18146510346039525218\package\lib\server\dispatchers\dispatcher.js:94:40)
    at DispatcherConnection.dispatch (C:\Users\kaver\AppData\Local\Temp\playwright-java-18146510346039525218\package\lib\server\dispatchers\dispatcher.js:365:39)
}
Call log:
- waiting for locator("//h4[normalize-space()='Select Agent']") to be visible

at com.microsoft.playwright.impl.WaitableResult.get(WaitableResult.java:52)
at com.microsoft.playwright.impl.ChannelOwner.runUntil(ChannelOwner.java:120)
at com.microsoft.playwright.impl.Connection.sendMessage(Connection.java:130)
at com.microsoft.playwright.impl.ChannelOwner.sendMessage(ChannelOwner.java:106)
at com.microsoft.playwright.impl.FrameImpl.waitForSelectorImpl(FrameImpl.java:1060)
at com.microsoft.playwright.impl.FrameImpl.waitForSelectorImpl(FrameImpl.java:1050)
at com.microsoft.playwright.impl.PageImpl.lambda$waitForSelector$93(PageImpl.java:1491)
at com.microsoft.playwright.impl.LoggingSupport.withLogging(LoggingSupport.java:47)
at com.microsoft.playwright.impl.ChannelOwner.withLogging(ChannelOwner.java:89)
at com.microsoft.playwright.impl.PageImpl.waitForSelector(PageImpl.java:1490)
at com.qa.sstaiframework.pages.ModulesNavigation.isAgentScreenVisible(ModulesNavigation.java:68)
at com.qa.sstaiframework.tests.Modules_NavigationTest.agentScreenNavigationTest(Modules_NavigationTest.java:36)
at java.base/java.util.concurrent.Executors$RunnableAdapter.call(Executors.java:539)
at java.base/java.util.concurrent.FutureTask.run(FutureTask.java:264)
at java.base/java.util.concurrent.ThreadPoolExecutor.runWorker(ThreadPoolExecutor.java:1136)
at java.base/java.util.concurrent.ThreadPoolExecutor$Worker.run(ThreadPoolExecutor.java:635)
at java.base/java.lang.Thread.run(Thread.java:833)
Caused by: com.microsoft.playwright.TimeoutError: Error {
  message='Timeout 10000ms exceeded.
  name='TimeoutError
  stack='TimeoutError: Timeout 10000ms exceeded.
    at ProgressController.run (C:\Users\kaver\AppData\Local\Temp\playwright-java-18146510346039525218\package\lib\server\progress.js:78:26)
    at Frame.waitForSelector (C:\Users\kaver\AppData\Local\Temp\playwright-java-18146510346039525218\package\lib\server\frames.js:619:23)
    at FrameDispatcher.waitForSelector (C:\Users\kaver\AppData\Local\Temp\playwright-java-18146510346039525218\package\lib\server\dispatchers\frameDispatcher.js:106:103)
    at FrameDispatcher._handleCommand (C:\Users\kaver\AppData\Local\Temp\playwright-java-18146510346039525218\package\lib\server\dispatchers\dispatcher.js:94:40)
    at DispatcherConnection.dispatch (C:\Users\kaver\AppData\Local\Temp\playwright-java-18146510346039525218\package\lib\server\dispatchers\dispatcher.js:365:39)
}
Call log:
- waiting for locator("//h4[normalize-space()='Select Agent']") to be visible

at com.microsoft.playwright.impl.Connection.dispatch(Connection.java:254)
at com.microsoft.playwright.impl.Connection.processOneMessage(Connection.java:211)
at com.microsoft.playwright.impl.ChannelOwner.runUntil(ChannelOwner.java:118)
... 28 more
... Removed 13 stack frames]]>
    </failure>
  </testcase> <!-- agentScreenNavigationTest -->
  <testcase classname="com.qa.sstaiframework.tests.Modules_NavigationTest" name="modelsScreenNavigationTest" time="30.006">
    <failure type="com.microsoft.playwright.TimeoutError" message="Error {
  message=&amp;apos;Timeout 30000ms exceeded.
  name=&amp;apos;TimeoutError
  stack=&amp;apos;TimeoutError: Timeout 30000ms exceeded.
    at ProgressController.run (C:\Users\kaver\AppData\Local\Temp\playwright-java-18146510346039525218\package\lib\server\progress.js:78:26)
    at Frame.click (C:\Users\kaver\AppData\Local\Temp\playwright-java-18146510346039525218\package\lib\server\frames.js:996:23)
    at FrameDispatcher.click (C:\Users\kaver\AppData\Local\Temp\playwright-java-18146510346039525218\package\lib\server\dispatchers\frameDispatcher.js:158:30)
    at FrameDispatcher._handleCommand (C:\Users\kaver\AppData\Local\Temp\playwright-java-18146510346039525218\package\lib\server\dispatchers\dispatcher.js:94:40)
    at DispatcherConnection.dispatch (C:\Users\kaver\AppData\Local\Temp\playwright-java-18146510346039525218\package\lib\server\dispatchers\dispatcher.js:365:39)
}
Call log:
- waiting for locator(&amp;quot;//button[normalize-space()=&amp;apos;Models&amp;apos;]&amp;quot;)
-   locator resolved to &amp;lt;button class=&amp;quot;sidebar_navLinkStyleDark__8v1wT&amp;quot;&amp;gt;…&amp;lt;/button&amp;gt;
- attempting click action
-   waiting for element to be visible, enabled and stable
-   element is visible, enabled and stable
-   scrolling into view if needed
-   done scrolling
-   &amp;lt;div class=&amp;quot;sc-gsFSjX fNWDAI&amp;quot;&amp;gt;…&amp;lt;/div&amp;gt; from &amp;lt;div class=&amp;quot;p-0 col-lg-10 col-md-11 col-sm-12&amp;quot;&amp;gt;…&amp;lt;/div&amp;gt; subtree intercepts pointer events
- retrying click action, attempt #1
-   waiting for element to be visible, enabled and stable
">
      <![CDATA[com.microsoft.playwright.TimeoutError: Error {
  message='Timeout 30000ms exceeded.
  name='TimeoutError
  stack='TimeoutError: Timeout 30000ms exceeded.
    at ProgressController.run (C:\Users\kaver\AppData\Local\Temp\playwright-java-18146510346039525218\package\lib\server\progress.js:78:26)
    at Frame.click (C:\Users\kaver\AppData\Local\Temp\playwright-java-18146510346039525218\package\lib\server\frames.js:996:23)
    at FrameDispatcher.click (C:\Users\kaver\AppData\Local\Temp\playwright-java-18146510346039525218\package\lib\server\dispatchers\frameDispatcher.js:158:30)
    at FrameDispatcher._handleCommand (C:\Users\kaver\AppData\Local\Temp\playwright-java-18146510346039525218\package\lib\server\dispatchers\dispatcher.js:94:40)
    at DispatcherConnection.dispatch (C:\Users\kaver\AppData\Local\Temp\playwright-java-18146510346039525218\package\lib\server\dispatchers\dispatcher.js:365:39)
}
Call log:
- waiting for locator("//button[normalize-space()='Models']")
-   locator resolved to <button class="sidebar_navLinkStyleDark__8v1wT">…</button>
- attempting click action
-   waiting for element to be visible, enabled and stable
-   element is visible, enabled and stable
-   scrolling into view if needed
-   done scrolling
-   <div class="sc-gsFSjX fNWDAI">…</div> from <div class="p-0 col-lg-10 col-md-11 col-sm-12">…</div> subtree intercepts pointer events
- retrying click action, attempt #1
-   waiting for element to be visible, enabled and stable

at com.microsoft.playwright.impl.WaitableResult.get(WaitableResult.java:52)
at com.microsoft.playwright.impl.ChannelOwner.runUntil(ChannelOwner.java:120)
at com.microsoft.playwright.impl.Connection.sendMessage(Connection.java:130)
at com.microsoft.playwright.impl.ChannelOwner.sendMessage(ChannelOwner.java:106)
at com.microsoft.playwright.impl.FrameImpl.clickImpl(FrameImpl.java:252)
at com.microsoft.playwright.impl.PageImpl.lambda$click$18(PageImpl.java:620)
at com.microsoft.playwright.impl.LoggingSupport.lambda$withLogging$0(LoggingSupport.java:36)
at com.microsoft.playwright.impl.LoggingSupport.withLogging(LoggingSupport.java:47)
at com.microsoft.playwright.impl.ChannelOwner.withLogging(ChannelOwner.java:89)
at com.microsoft.playwright.impl.LoggingSupport.withLogging(LoggingSupport.java:35)
at com.microsoft.playwright.impl.PageImpl.click(PageImpl.java:619)
at com.microsoft.playwright.Page.click(Page.java:3801)
at com.qa.sstaiframework.pages.ModulesNavigation.clickModels(ModulesNavigation.java:75)
at com.qa.sstaiframework.tests.Modules_NavigationTest.modelsScreenNavigationTest(Modules_NavigationTest.java:44)
at java.base/java.util.concurrent.Executors$RunnableAdapter.call(Executors.java:539)
at java.base/java.util.concurrent.FutureTask.run(FutureTask.java:264)
at java.base/java.util.concurrent.ThreadPoolExecutor.runWorker(ThreadPoolExecutor.java:1136)
at java.base/java.util.concurrent.ThreadPoolExecutor$Worker.run(ThreadPoolExecutor.java:635)
at java.base/java.lang.Thread.run(Thread.java:833)
Caused by: com.microsoft.playwright.TimeoutError: Error {
  message='Timeout 30000ms exceeded.
  name='TimeoutError
  stack='TimeoutError: Timeout 30000ms exceeded.
    at ProgressController.run (C:\Users\kaver\AppData\Local\Temp\playwright-java-18146510346039525218\package\lib\server\progress.js:78:26)
    at Frame.click (C:\Users\kaver\AppData\Local\Temp\playwright-java-18146510346039525218\package\lib\server\frames.js:996:23)
    at FrameDispatcher.click (C:\Users\kaver\AppData\Local\Temp\playwright-java-18146510346039525218\package\lib\server\dispatchers\frameDispatcher.js:158:30)
    at FrameDispatcher._handleCommand (C:\Users\kaver\AppData\Local\Temp\playwright-java-18146510346039525218\package\lib\server\dispatchers\dispatcher.js:94:40)
    at DispatcherConnection.dispatch (C:\Users\kaver\AppData\Local\Temp\playwright-java-18146510346039525218\package\lib\server\dispatchers\dispatcher.js:365:39)
}
Call log:
- waiting for locator("//button[normalize-space()='Models']")
-   locator resolved to <button class="sidebar_navLinkStyleDark__8v1wT">…</button>
- attempting click action
-   waiting for element to be visible, enabled and stable
-   element is visible, enabled and stable
-   scrolling into view if needed
-   done scrolling
-   <div class="sc-gsFSjX fNWDAI">…</div> from <div class="p-0 col-lg-10 col-md-11 col-sm-12">…</div> subtree intercepts pointer events
- retrying click action, attempt #1
-   waiting for element to be visible, enabled and stable

at com.microsoft.playwright.impl.Connection.dispatch(Connection.java:254)
at com.microsoft.playwright.impl.Connection.processOneMessage(Connection.java:211)
at com.microsoft.playwright.impl.ChannelOwner.runUntil(ChannelOwner.java:118)
... 30 more
... Removed 13 stack frames]]>
    </failure>
  </testcase> <!-- modelsScreenNavigationTest -->
  <testcase classname="com.qa.sstaiframework.tests.Modules_NavigationTest" name="costingScreenNavigationTest" time="30.017">
    <failure type="com.microsoft.playwright.TimeoutError" message="Error {
  message=&amp;apos;Timeout 30000ms exceeded.
  name=&amp;apos;TimeoutError
  stack=&amp;apos;TimeoutError: Timeout 30000ms exceeded.
    at ProgressController.run (C:\Users\kaver\AppData\Local\Temp\playwright-java-18146510346039525218\package\lib\server\progress.js:78:26)
    at Frame.click (C:\Users\kaver\AppData\Local\Temp\playwright-java-18146510346039525218\package\lib\server\frames.js:996:23)
    at FrameDispatcher.click (C:\Users\kaver\AppData\Local\Temp\playwright-java-18146510346039525218\package\lib\server\dispatchers\frameDispatcher.js:158:30)
    at FrameDispatcher._handleCommand (C:\Users\kaver\AppData\Local\Temp\playwright-java-18146510346039525218\package\lib\server\dispatchers\dispatcher.js:94:40)
    at DispatcherConnection.dispatch (C:\Users\kaver\AppData\Local\Temp\playwright-java-18146510346039525218\package\lib\server\dispatchers\dispatcher.js:365:39)
}
Call log:
- waiting for locator(&amp;quot;//button[normalize-space()=&amp;apos;Costing&amp;apos;]&amp;quot;)
-   locator resolved to 2 elements. Proceeding with the first one: &amp;lt;button class=&amp;quot;sidebar_navLinkStyleDark__8v1wT&amp;quot;&amp;gt;…&amp;lt;/button&amp;gt;
- attempting click action
-   waiting for element to be visible, enabled and stable
">
      <![CDATA[com.microsoft.playwright.TimeoutError: Error {
  message='Timeout 30000ms exceeded.
  name='TimeoutError
  stack='TimeoutError: Timeout 30000ms exceeded.
    at ProgressController.run (C:\Users\kaver\AppData\Local\Temp\playwright-java-18146510346039525218\package\lib\server\progress.js:78:26)
    at Frame.click (C:\Users\kaver\AppData\Local\Temp\playwright-java-18146510346039525218\package\lib\server\frames.js:996:23)
    at FrameDispatcher.click (C:\Users\kaver\AppData\Local\Temp\playwright-java-18146510346039525218\package\lib\server\dispatchers\frameDispatcher.js:158:30)
    at FrameDispatcher._handleCommand (C:\Users\kaver\AppData\Local\Temp\playwright-java-18146510346039525218\package\lib\server\dispatchers\dispatcher.js:94:40)
    at DispatcherConnection.dispatch (C:\Users\kaver\AppData\Local\Temp\playwright-java-18146510346039525218\package\lib\server\dispatchers\dispatcher.js:365:39)
}
Call log:
- waiting for locator("//button[normalize-space()='Costing']")
-   locator resolved to 2 elements. Proceeding with the first one: <button class="sidebar_navLinkStyleDark__8v1wT">…</button>
- attempting click action
-   waiting for element to be visible, enabled and stable

at com.microsoft.playwright.impl.WaitableResult.get(WaitableResult.java:52)
at com.microsoft.playwright.impl.ChannelOwner.runUntil(ChannelOwner.java:120)
at com.microsoft.playwright.impl.Connection.sendMessage(Connection.java:130)
at com.microsoft.playwright.impl.ChannelOwner.sendMessage(ChannelOwner.java:106)
at com.microsoft.playwright.impl.FrameImpl.clickImpl(FrameImpl.java:252)
at com.microsoft.playwright.impl.PageImpl.lambda$click$18(PageImpl.java:620)
at com.microsoft.playwright.impl.LoggingSupport.lambda$withLogging$0(LoggingSupport.java:36)
at com.microsoft.playwright.impl.LoggingSupport.withLogging(LoggingSupport.java:47)
at com.microsoft.playwright.impl.ChannelOwner.withLogging(ChannelOwner.java:89)
at com.microsoft.playwright.impl.LoggingSupport.withLogging(LoggingSupport.java:35)
at com.microsoft.playwright.impl.PageImpl.click(PageImpl.java:619)
at com.microsoft.playwright.Page.click(Page.java:3801)
at com.qa.sstaiframework.pages.ModulesNavigation.clickCosting(ModulesNavigation.java:92)
at com.qa.sstaiframework.tests.Modules_NavigationTest.costingScreenNavigationTest(Modules_NavigationTest.java:53)
at java.base/java.util.concurrent.Executors$RunnableAdapter.call(Executors.java:539)
at java.base/java.util.concurrent.FutureTask.run(FutureTask.java:264)
at java.base/java.util.concurrent.ThreadPoolExecutor.runWorker(ThreadPoolExecutor.java:1136)
at java.base/java.util.concurrent.ThreadPoolExecutor$Worker.run(ThreadPoolExecutor.java:635)
at java.base/java.lang.Thread.run(Thread.java:833)
Caused by: com.microsoft.playwright.TimeoutError: Error {
  message='Timeout 30000ms exceeded.
  name='TimeoutError
  stack='TimeoutError: Timeout 30000ms exceeded.
    at ProgressController.run (C:\Users\kaver\AppData\Local\Temp\playwright-java-18146510346039525218\package\lib\server\progress.js:78:26)
    at Frame.click (C:\Users\kaver\AppData\Local\Temp\playwright-java-18146510346039525218\package\lib\server\frames.js:996:23)
    at FrameDispatcher.click (C:\Users\kaver\AppData\Local\Temp\playwright-java-18146510346039525218\package\lib\server\dispatchers\frameDispatcher.js:158:30)
    at FrameDispatcher._handleCommand (C:\Users\kaver\AppData\Local\Temp\playwright-java-18146510346039525218\package\lib\server\dispatchers\dispatcher.js:94:40)
    at DispatcherConnection.dispatch (C:\Users\kaver\AppData\Local\Temp\playwright-java-18146510346039525218\package\lib\server\dispatchers\dispatcher.js:365:39)
}
Call log:
- waiting for locator("//button[normalize-space()='Costing']")
-   locator resolved to 2 elements. Proceeding with the first one: <button class="sidebar_navLinkStyleDark__8v1wT">…</button>
- attempting click action
-   waiting for element to be visible, enabled and stable

at com.microsoft.playwright.impl.Connection.dispatch(Connection.java:254)
at com.microsoft.playwright.impl.Connection.processOneMessage(Connection.java:211)
at com.microsoft.playwright.impl.ChannelOwner.runUntil(ChannelOwner.java:118)
... 30 more
... Removed 13 stack frames]]>
    </failure>
  </testcase> <!-- costingScreenNavigationTest -->
  <testcase classname="com.qa.sstaiframework.tests.Modules_NavigationTest" name="policyScreenNavigationTest" time="22.303">
    <failure type="com.microsoft.playwright.TimeoutError" message="Error {
  message=&amp;apos;Timeout 10000ms exceeded.
  name=&amp;apos;TimeoutError
  stack=&amp;apos;TimeoutError: Timeout 10000ms exceeded.
    at ProgressController.run (C:\Users\kaver\AppData\Local\Temp\playwright-java-18146510346039525218\package\lib\server\progress.js:78:26)
    at Frame.waitForSelector (C:\Users\kaver\AppData\Local\Temp\playwright-java-18146510346039525218\package\lib\server\frames.js:619:23)
    at FrameDispatcher.waitForSelector (C:\Users\kaver\AppData\Local\Temp\playwright-java-18146510346039525218\package\lib\server\dispatchers\frameDispatcher.js:106:103)
    at FrameDispatcher._handleCommand (C:\Users\kaver\AppData\Local\Temp\playwright-java-18146510346039525218\package\lib\server\dispatchers\dispatcher.js:94:40)
    at DispatcherConnection.dispatch (C:\Users\kaver\AppData\Local\Temp\playwright-java-18146510346039525218\package\lib\server\dispatchers\dispatcher.js:365:39)
}
Call log:
- waiting for locator(&amp;quot;//h4[normalize-space()=&amp;apos;Group of rules&amp;apos;]&amp;quot;) to be visible
">
      <![CDATA[com.microsoft.playwright.TimeoutError: Error {
  message='Timeout 10000ms exceeded.
  name='TimeoutError
  stack='TimeoutError: Timeout 10000ms exceeded.
    at ProgressController.run (C:\Users\kaver\AppData\Local\Temp\playwright-java-18146510346039525218\package\lib\server\progress.js:78:26)
    at Frame.waitForSelector (C:\Users\kaver\AppData\Local\Temp\playwright-java-18146510346039525218\package\lib\server\frames.js:619:23)
    at FrameDispatcher.waitForSelector (C:\Users\kaver\AppData\Local\Temp\playwright-java-18146510346039525218\package\lib\server\dispatchers\frameDispatcher.js:106:103)
    at FrameDispatcher._handleCommand (C:\Users\kaver\AppData\Local\Temp\playwright-java-18146510346039525218\package\lib\server\dispatchers\dispatcher.js:94:40)
    at DispatcherConnection.dispatch (C:\Users\kaver\AppData\Local\Temp\playwright-java-18146510346039525218\package\lib\server\dispatchers\dispatcher.js:365:39)
}
Call log:
- waiting for locator("//h4[normalize-space()='Group of rules']") to be visible

at com.microsoft.playwright.impl.WaitableResult.get(WaitableResult.java:52)
at com.microsoft.playwright.impl.ChannelOwner.runUntil(ChannelOwner.java:120)
at com.microsoft.playwright.impl.Connection.sendMessage(Connection.java:130)
at com.microsoft.playwright.impl.ChannelOwner.sendMessage(ChannelOwner.java:106)
at com.microsoft.playwright.impl.FrameImpl.waitForSelectorImpl(FrameImpl.java:1060)
at com.microsoft.playwright.impl.FrameImpl.waitForSelectorImpl(FrameImpl.java:1050)
at com.microsoft.playwright.impl.PageImpl.lambda$waitForSelector$93(PageImpl.java:1491)
at com.microsoft.playwright.impl.LoggingSupport.withLogging(LoggingSupport.java:47)
at com.microsoft.playwright.impl.ChannelOwner.withLogging(ChannelOwner.java:89)
at com.microsoft.playwright.impl.PageImpl.waitForSelector(PageImpl.java:1490)
at com.qa.sstaiframework.pages.ModulesNavigation.isPolicyScreenVisible(ModulesNavigation.java:118)
at com.qa.sstaiframework.tests.Modules_NavigationTest.policyScreenNavigationTest(Modules_NavigationTest.java:63)
at java.base/java.util.concurrent.Executors$RunnableAdapter.call(Executors.java:539)
at java.base/java.util.concurrent.FutureTask.run(FutureTask.java:264)
at java.base/java.util.concurrent.ThreadPoolExecutor.runWorker(ThreadPoolExecutor.java:1136)
at java.base/java.util.concurrent.ThreadPoolExecutor$Worker.run(ThreadPoolExecutor.java:635)
at java.base/java.lang.Thread.run(Thread.java:833)
Caused by: com.microsoft.playwright.TimeoutError: Error {
  message='Timeout 10000ms exceeded.
  name='TimeoutError
  stack='TimeoutError: Timeout 10000ms exceeded.
    at ProgressController.run (C:\Users\kaver\AppData\Local\Temp\playwright-java-18146510346039525218\package\lib\server\progress.js:78:26)
    at Frame.waitForSelector (C:\Users\kaver\AppData\Local\Temp\playwright-java-18146510346039525218\package\lib\server\frames.js:619:23)
    at FrameDispatcher.waitForSelector (C:\Users\kaver\AppData\Local\Temp\playwright-java-18146510346039525218\package\lib\server\dispatchers\frameDispatcher.js:106:103)
    at FrameDispatcher._handleCommand (C:\Users\kaver\AppData\Local\Temp\playwright-java-18146510346039525218\package\lib\server\dispatchers\dispatcher.js:94:40)
    at DispatcherConnection.dispatch (C:\Users\kaver\AppData\Local\Temp\playwright-java-18146510346039525218\package\lib\server\dispatchers\dispatcher.js:365:39)
}
Call log:
- waiting for locator("//h4[normalize-space()='Group of rules']") to be visible

at com.microsoft.playwright.impl.Connection.dispatch(Connection.java:254)
at com.microsoft.playwright.impl.Connection.processOneMessage(Connection.java:211)
at com.microsoft.playwright.impl.ChannelOwner.runUntil(ChannelOwner.java:118)
... 28 more
... Removed 13 stack frames]]>
    </failure>
  </testcase> <!-- policyScreenNavigationTest -->
  <testcase classname="com.qa.sstaiframework.tests.Modules_NavigationTest" name="containerServicesScreenNavigationTest" time="30.026">
    <failure type="com.microsoft.playwright.TimeoutError" message="Error {
  message=&amp;apos;Timeout 30000ms exceeded.
  name=&amp;apos;TimeoutError
  stack=&amp;apos;TimeoutError: Timeout 30000ms exceeded.
    at ProgressController.run (C:\Users\kaver\AppData\Local\Temp\playwright-java-18146510346039525218\package\lib\server\progress.js:78:26)
    at Frame.click (C:\Users\kaver\AppData\Local\Temp\playwright-java-18146510346039525218\package\lib\server\frames.js:996:23)
    at FrameDispatcher.click (C:\Users\kaver\AppData\Local\Temp\playwright-java-18146510346039525218\package\lib\server\dispatchers\frameDispatcher.js:158:30)
    at FrameDispatcher._handleCommand (C:\Users\kaver\AppData\Local\Temp\playwright-java-18146510346039525218\package\lib\server\dispatchers\dispatcher.js:94:40)
    at DispatcherConnection.dispatch (C:\Users\kaver\AppData\Local\Temp\playwright-java-18146510346039525218\package\lib\server\dispatchers\dispatcher.js:365:39)
}
Call log:
- waiting for locator(&amp;quot;//button[normalize-space()=&amp;apos;Container Services&amp;apos;]&amp;quot;)
">
      <![CDATA[com.microsoft.playwright.TimeoutError: Error {
  message='Timeout 30000ms exceeded.
  name='TimeoutError
  stack='TimeoutError: Timeout 30000ms exceeded.
    at ProgressController.run (C:\Users\kaver\AppData\Local\Temp\playwright-java-18146510346039525218\package\lib\server\progress.js:78:26)
    at Frame.click (C:\Users\kaver\AppData\Local\Temp\playwright-java-18146510346039525218\package\lib\server\frames.js:996:23)
    at FrameDispatcher.click (C:\Users\kaver\AppData\Local\Temp\playwright-java-18146510346039525218\package\lib\server\dispatchers\frameDispatcher.js:158:30)
    at FrameDispatcher._handleCommand (C:\Users\kaver\AppData\Local\Temp\playwright-java-18146510346039525218\package\lib\server\dispatchers\dispatcher.js:94:40)
    at DispatcherConnection.dispatch (C:\Users\kaver\AppData\Local\Temp\playwright-java-18146510346039525218\package\lib\server\dispatchers\dispatcher.js:365:39)
}
Call log:
- waiting for locator("//button[normalize-space()='Container Services']")

at com.microsoft.playwright.impl.WaitableResult.get(WaitableResult.java:52)
at com.microsoft.playwright.impl.ChannelOwner.runUntil(ChannelOwner.java:120)
at com.microsoft.playwright.impl.Connection.sendMessage(Connection.java:130)
at com.microsoft.playwright.impl.ChannelOwner.sendMessage(ChannelOwner.java:106)
at com.microsoft.playwright.impl.FrameImpl.clickImpl(FrameImpl.java:252)
at com.microsoft.playwright.impl.PageImpl.lambda$click$18(PageImpl.java:620)
at com.microsoft.playwright.impl.LoggingSupport.lambda$withLogging$0(LoggingSupport.java:36)
at com.microsoft.playwright.impl.LoggingSupport.withLogging(LoggingSupport.java:47)
at com.microsoft.playwright.impl.ChannelOwner.withLogging(ChannelOwner.java:89)
at com.microsoft.playwright.impl.LoggingSupport.withLogging(LoggingSupport.java:35)
at com.microsoft.playwright.impl.PageImpl.click(PageImpl.java:619)
at com.microsoft.playwright.Page.click(Page.java:3801)
at com.qa.sstaiframework.pages.ModulesNavigation.clickContainerServices(ModulesNavigation.java:124)
at com.qa.sstaiframework.tests.Modules_NavigationTest.containerServicesScreenNavigationTest(Modules_NavigationTest.java:71)
at java.base/java.util.concurrent.Executors$RunnableAdapter.call(Executors.java:539)
at java.base/java.util.concurrent.FutureTask.run(FutureTask.java:264)
at java.base/java.util.concurrent.ThreadPoolExecutor.runWorker(ThreadPoolExecutor.java:1136)
at java.base/java.util.concurrent.ThreadPoolExecutor$Worker.run(ThreadPoolExecutor.java:635)
at java.base/java.lang.Thread.run(Thread.java:833)
Caused by: com.microsoft.playwright.TimeoutError: Error {
  message='Timeout 30000ms exceeded.
  name='TimeoutError
  stack='TimeoutError: Timeout 30000ms exceeded.
    at ProgressController.run (C:\Users\kaver\AppData\Local\Temp\playwright-java-18146510346039525218\package\lib\server\progress.js:78:26)
    at Frame.click (C:\Users\kaver\AppData\Local\Temp\playwright-java-18146510346039525218\package\lib\server\frames.js:996:23)
    at FrameDispatcher.click (C:\Users\kaver\AppData\Local\Temp\playwright-java-18146510346039525218\package\lib\server\dispatchers\frameDispatcher.js:158:30)
    at FrameDispatcher._handleCommand (C:\Users\kaver\AppData\Local\Temp\playwright-java-18146510346039525218\package\lib\server\dispatchers\dispatcher.js:94:40)
    at DispatcherConnection.dispatch (C:\Users\kaver\AppData\Local\Temp\playwright-java-18146510346039525218\package\lib\server\dispatchers\dispatcher.js:365:39)
}
Call log:
- waiting for locator("//button[normalize-space()='Container Services']")

at com.microsoft.playwright.impl.Connection.dispatch(Connection.java:254)
at com.microsoft.playwright.impl.Connection.processOneMessage(Connection.java:211)
at com.microsoft.playwright.impl.ChannelOwner.runUntil(ChannelOwner.java:118)
... 30 more
... Removed 13 stack frames]]>
    </failure>
  </testcase> <!-- containerServicesScreenNavigationTest -->
  <testcase classname="com.qa.sstaiframework.tests.Modules_NavigationTest" name="trainAgentsScreenNavigationTest" time="30.018">
    <failure type="com.microsoft.playwright.TimeoutError" message="Error {
  message=&amp;apos;Timeout 30000ms exceeded.
  name=&amp;apos;TimeoutError
  stack=&amp;apos;TimeoutError: Timeout 30000ms exceeded.
    at ProgressController.run (C:\Users\kaver\AppData\Local\Temp\playwright-java-18146510346039525218\package\lib\server\progress.js:78:26)
    at Frame.click (C:\Users\kaver\AppData\Local\Temp\playwright-java-18146510346039525218\package\lib\server\frames.js:996:23)
    at FrameDispatcher.click (C:\Users\kaver\AppData\Local\Temp\playwright-java-18146510346039525218\package\lib\server\dispatchers\frameDispatcher.js:158:30)
    at FrameDispatcher._handleCommand (C:\Users\kaver\AppData\Local\Temp\playwright-java-18146510346039525218\package\lib\server\dispatchers\dispatcher.js:94:40)
    at DispatcherConnection.dispatch (C:\Users\kaver\AppData\Local\Temp\playwright-java-18146510346039525218\package\lib\server\dispatchers\dispatcher.js:365:39)
}
Call log:
- waiting for locator(&amp;quot;//button[normalize-space()=&amp;apos;Train Agent&amp;apos;]&amp;quot;)
">
      <![CDATA[com.microsoft.playwright.TimeoutError: Error {
  message='Timeout 30000ms exceeded.
  name='TimeoutError
  stack='TimeoutError: Timeout 30000ms exceeded.
    at ProgressController.run (C:\Users\kaver\AppData\Local\Temp\playwright-java-18146510346039525218\package\lib\server\progress.js:78:26)
    at Frame.click (C:\Users\kaver\AppData\Local\Temp\playwright-java-18146510346039525218\package\lib\server\frames.js:996:23)
    at FrameDispatcher.click (C:\Users\kaver\AppData\Local\Temp\playwright-java-18146510346039525218\package\lib\server\dispatchers\frameDispatcher.js:158:30)
    at FrameDispatcher._handleCommand (C:\Users\kaver\AppData\Local\Temp\playwright-java-18146510346039525218\package\lib\server\dispatchers\dispatcher.js:94:40)
    at DispatcherConnection.dispatch (C:\Users\kaver\AppData\Local\Temp\playwright-java-18146510346039525218\package\lib\server\dispatchers\dispatcher.js:365:39)
}
Call log:
- waiting for locator("//button[normalize-space()='Train Agent']")

at com.microsoft.playwright.impl.WaitableResult.get(WaitableResult.java:52)
at com.microsoft.playwright.impl.ChannelOwner.runUntil(ChannelOwner.java:120)
at com.microsoft.playwright.impl.Connection.sendMessage(Connection.java:130)
at com.microsoft.playwright.impl.ChannelOwner.sendMessage(ChannelOwner.java:106)
at com.microsoft.playwright.impl.FrameImpl.clickImpl(FrameImpl.java:252)
at com.microsoft.playwright.impl.PageImpl.lambda$click$18(PageImpl.java:620)
at com.microsoft.playwright.impl.LoggingSupport.lambda$withLogging$0(LoggingSupport.java:36)
at com.microsoft.playwright.impl.LoggingSupport.withLogging(LoggingSupport.java:47)
at com.microsoft.playwright.impl.ChannelOwner.withLogging(ChannelOwner.java:89)
at com.microsoft.playwright.impl.LoggingSupport.withLogging(LoggingSupport.java:35)
at com.microsoft.playwright.impl.PageImpl.click(PageImpl.java:619)
at com.microsoft.playwright.Page.click(Page.java:3801)
at com.qa.sstaiframework.pages.ModulesNavigation.clickTrainAgents(ModulesNavigation.java:141)
at com.qa.sstaiframework.tests.Modules_NavigationTest.trainAgentsScreenNavigationTest(Modules_NavigationTest.java:80)
at java.base/java.util.concurrent.Executors$RunnableAdapter.call(Executors.java:539)
at java.base/java.util.concurrent.FutureTask.run(FutureTask.java:264)
at java.base/java.util.concurrent.ThreadPoolExecutor.runWorker(ThreadPoolExecutor.java:1136)
at java.base/java.util.concurrent.ThreadPoolExecutor$Worker.run(ThreadPoolExecutor.java:635)
at java.base/java.lang.Thread.run(Thread.java:833)
Caused by: com.microsoft.playwright.TimeoutError: Error {
  message='Timeout 30000ms exceeded.
  name='TimeoutError
  stack='TimeoutError: Timeout 30000ms exceeded.
    at ProgressController.run (C:\Users\kaver\AppData\Local\Temp\playwright-java-18146510346039525218\package\lib\server\progress.js:78:26)
    at Frame.click (C:\Users\kaver\AppData\Local\Temp\playwright-java-18146510346039525218\package\lib\server\frames.js:996:23)
    at FrameDispatcher.click (C:\Users\kaver\AppData\Local\Temp\playwright-java-18146510346039525218\package\lib\server\dispatchers\frameDispatcher.js:158:30)
    at FrameDispatcher._handleCommand (C:\Users\kaver\AppData\Local\Temp\playwright-java-18146510346039525218\package\lib\server\dispatchers\dispatcher.js:94:40)
    at DispatcherConnection.dispatch (C:\Users\kaver\AppData\Local\Temp\playwright-java-18146510346039525218\package\lib\server\dispatchers\dispatcher.js:365:39)
}
Call log:
- waiting for locator("//button[normalize-space()='Train Agent']")

at com.microsoft.playwright.impl.Connection.dispatch(Connection.java:254)
at com.microsoft.playwright.impl.Connection.processOneMessage(Connection.java:211)
at com.microsoft.playwright.impl.ChannelOwner.runUntil(ChannelOwner.java:118)
... 30 more
... Removed 13 stack frames]]>
    </failure>
  </testcase> <!-- trainAgentsScreenNavigationTest -->
  <testcase classname="com.qa.sstaiframework.tests.Modules_NavigationTest" name="chatScreenNavigationTest" time="30.011">
    <failure type="com.microsoft.playwright.TimeoutError" message="Error {
  message=&amp;apos;Timeout 30000ms exceeded.
  name=&amp;apos;TimeoutError
  stack=&amp;apos;TimeoutError: Timeout 30000ms exceeded.
    at ProgressController.run (C:\Users\kaver\AppData\Local\Temp\playwright-java-18146510346039525218\package\lib\server\progress.js:78:26)
    at Frame.click (C:\Users\kaver\AppData\Local\Temp\playwright-java-18146510346039525218\package\lib\server\frames.js:996:23)
    at FrameDispatcher.click (C:\Users\kaver\AppData\Local\Temp\playwright-java-18146510346039525218\package\lib\server\dispatchers\frameDispatcher.js:158:30)
    at FrameDispatcher._handleCommand (C:\Users\kaver\AppData\Local\Temp\playwright-java-18146510346039525218\package\lib\server\dispatchers\dispatcher.js:94:40)
    at DispatcherConnection.dispatch (C:\Users\kaver\AppData\Local\Temp\playwright-java-18146510346039525218\package\lib\server\dispatchers\dispatcher.js:365:39)
}
Call log:
- waiting for locator(&amp;quot;//button[normalize-space()=&amp;apos;Chat&amp;apos;]&amp;quot;)
">
      <![CDATA[com.microsoft.playwright.TimeoutError: Error {
  message='Timeout 30000ms exceeded.
  name='TimeoutError
  stack='TimeoutError: Timeout 30000ms exceeded.
    at ProgressController.run (C:\Users\kaver\AppData\Local\Temp\playwright-java-18146510346039525218\package\lib\server\progress.js:78:26)
    at Frame.click (C:\Users\kaver\AppData\Local\Temp\playwright-java-18146510346039525218\package\lib\server\frames.js:996:23)
    at FrameDispatcher.click (C:\Users\kaver\AppData\Local\Temp\playwright-java-18146510346039525218\package\lib\server\dispatchers\frameDispatcher.js:158:30)
    at FrameDispatcher._handleCommand (C:\Users\kaver\AppData\Local\Temp\playwright-java-18146510346039525218\package\lib\server\dispatchers\dispatcher.js:94:40)
    at DispatcherConnection.dispatch (C:\Users\kaver\AppData\Local\Temp\playwright-java-18146510346039525218\package\lib\server\dispatchers\dispatcher.js:365:39)
}
Call log:
- waiting for locator("//button[normalize-space()='Chat']")

at com.microsoft.playwright.impl.WaitableResult.get(WaitableResult.java:52)
at com.microsoft.playwright.impl.ChannelOwner.runUntil(ChannelOwner.java:120)
at com.microsoft.playwright.impl.Connection.sendMessage(Connection.java:130)
at com.microsoft.playwright.impl.ChannelOwner.sendMessage(ChannelOwner.java:106)
at com.microsoft.playwright.impl.FrameImpl.clickImpl(FrameImpl.java:252)
at com.microsoft.playwright.impl.PageImpl.lambda$click$18(PageImpl.java:620)
at com.microsoft.playwright.impl.LoggingSupport.lambda$withLogging$0(LoggingSupport.java:36)
at com.microsoft.playwright.impl.LoggingSupport.withLogging(LoggingSupport.java:47)
at com.microsoft.playwright.impl.ChannelOwner.withLogging(ChannelOwner.java:89)
at com.microsoft.playwright.impl.LoggingSupport.withLogging(LoggingSupport.java:35)
at com.microsoft.playwright.impl.PageImpl.click(PageImpl.java:619)
at com.microsoft.playwright.Page.click(Page.java:3801)
at com.qa.sstaiframework.pages.ModulesNavigation.clickChat(ModulesNavigation.java:157)
at com.qa.sstaiframework.tests.Modules_NavigationTest.chatScreenNavigationTest(Modules_NavigationTest.java:89)
at java.base/java.util.concurrent.Executors$RunnableAdapter.call(Executors.java:539)
at java.base/java.util.concurrent.FutureTask.run(FutureTask.java:264)
at java.base/java.util.concurrent.ThreadPoolExecutor.runWorker(ThreadPoolExecutor.java:1136)
at java.base/java.util.concurrent.ThreadPoolExecutor$Worker.run(ThreadPoolExecutor.java:635)
at java.base/java.lang.Thread.run(Thread.java:833)
Caused by: com.microsoft.playwright.TimeoutError: Error {
  message='Timeout 30000ms exceeded.
  name='TimeoutError
  stack='TimeoutError: Timeout 30000ms exceeded.
    at ProgressController.run (C:\Users\kaver\AppData\Local\Temp\playwright-java-18146510346039525218\package\lib\server\progress.js:78:26)
    at Frame.click (C:\Users\kaver\AppData\Local\Temp\playwright-java-18146510346039525218\package\lib\server\frames.js:996:23)
    at FrameDispatcher.click (C:\Users\kaver\AppData\Local\Temp\playwright-java-18146510346039525218\package\lib\server\dispatchers\frameDispatcher.js:158:30)
    at FrameDispatcher._handleCommand (C:\Users\kaver\AppData\Local\Temp\playwright-java-18146510346039525218\package\lib\server\dispatchers\dispatcher.js:94:40)
    at DispatcherConnection.dispatch (C:\Users\kaver\AppData\Local\Temp\playwright-java-18146510346039525218\package\lib\server\dispatchers\dispatcher.js:365:39)
}
Call log:
- waiting for locator("//button[normalize-space()='Chat']")

at com.microsoft.playwright.impl.Connection.dispatch(Connection.java:254)
at com.microsoft.playwright.impl.Connection.processOneMessage(Connection.java:211)
at com.microsoft.playwright.impl.ChannelOwner.runUntil(ChannelOwner.java:118)
... 30 more
... Removed 13 stack frames]]>
    </failure>
  </testcase> <!-- chatScreenNavigationTest -->
  <testcase classname="com.qa.sstaiframework.tests.Modules_NavigationTest" name="logoutTest" time="30.006">
    <failure type="com.microsoft.playwright.TimeoutError" message="Error {
  message=&amp;apos;Timeout 30000ms exceeded.
  name=&amp;apos;TimeoutError
  stack=&amp;apos;TimeoutError: Timeout 30000ms exceeded.
    at ProgressController.run (C:\Users\kaver\AppData\Local\Temp\playwright-java-18146510346039525218\package\lib\server\progress.js:78:26)
    at Frame.click (C:\Users\kaver\AppData\Local\Temp\playwright-java-18146510346039525218\package\lib\server\frames.js:996:23)
    at FrameDispatcher.click (C:\Users\kaver\AppData\Local\Temp\playwright-java-18146510346039525218\package\lib\server\dispatchers\frameDispatcher.js:158:30)
    at FrameDispatcher._handleCommand (C:\Users\kaver\AppData\Local\Temp\playwright-java-18146510346039525218\package\lib\server\dispatchers\dispatcher.js:94:40)
    at DispatcherConnection.dispatch (C:\Users\kaver\AppData\Local\Temp\playwright-java-18146510346039525218\package\lib\server\dispatchers\dispatcher.js:365:39)
}
Call log:
- waiting for locator(&amp;quot;//button[normalize-space()=&amp;apos;Log Out&amp;apos;]&amp;quot;)
">
      <![CDATA[com.microsoft.playwright.TimeoutError: Error {
  message='Timeout 30000ms exceeded.
  name='TimeoutError
  stack='TimeoutError: Timeout 30000ms exceeded.
    at ProgressController.run (C:\Users\kaver\AppData\Local\Temp\playwright-java-18146510346039525218\package\lib\server\progress.js:78:26)
    at Frame.click (C:\Users\kaver\AppData\Local\Temp\playwright-java-18146510346039525218\package\lib\server\frames.js:996:23)
    at FrameDispatcher.click (C:\Users\kaver\AppData\Local\Temp\playwright-java-18146510346039525218\package\lib\server\dispatchers\frameDispatcher.js:158:30)
    at FrameDispatcher._handleCommand (C:\Users\kaver\AppData\Local\Temp\playwright-java-18146510346039525218\package\lib\server\dispatchers\dispatcher.js:94:40)
    at DispatcherConnection.dispatch (C:\Users\kaver\AppData\Local\Temp\playwright-java-18146510346039525218\package\lib\server\dispatchers\dispatcher.js:365:39)
}
Call log:
- waiting for locator("//button[normalize-space()='Log Out']")

at com.microsoft.playwright.impl.WaitableResult.get(WaitableResult.java:52)
at com.microsoft.playwright.impl.ChannelOwner.runUntil(ChannelOwner.java:120)
at com.microsoft.playwright.impl.Connection.sendMessage(Connection.java:130)
at com.microsoft.playwright.impl.ChannelOwner.sendMessage(ChannelOwner.java:106)
at com.microsoft.playwright.impl.FrameImpl.clickImpl(FrameImpl.java:252)
at com.microsoft.playwright.impl.PageImpl.lambda$click$18(PageImpl.java:620)
at com.microsoft.playwright.impl.LoggingSupport.lambda$withLogging$0(LoggingSupport.java:36)
at com.microsoft.playwright.impl.LoggingSupport.withLogging(LoggingSupport.java:47)
at com.microsoft.playwright.impl.ChannelOwner.withLogging(ChannelOwner.java:89)
at com.microsoft.playwright.impl.LoggingSupport.withLogging(LoggingSupport.java:35)
at com.microsoft.playwright.impl.PageImpl.click(PageImpl.java:619)
at com.microsoft.playwright.Page.click(Page.java:3801)
at com.qa.sstaiframework.pages.ModulesNavigation.clickLogout(ModulesNavigation.java:174)
at com.qa.sstaiframework.tests.Modules_NavigationTest.logoutTest(Modules_NavigationTest.java:99)
at java.base/java.util.concurrent.Executors$RunnableAdapter.call(Executors.java:539)
at java.base/java.util.concurrent.FutureTask.run(FutureTask.java:264)
at java.base/java.util.concurrent.ThreadPoolExecutor.runWorker(ThreadPoolExecutor.java:1136)
at java.base/java.util.concurrent.ThreadPoolExecutor$Worker.run(ThreadPoolExecutor.java:635)
at java.base/java.lang.Thread.run(Thread.java:833)
Caused by: com.microsoft.playwright.TimeoutError: Error {
  message='Timeout 30000ms exceeded.
  name='TimeoutError
  stack='TimeoutError: Timeout 30000ms exceeded.
    at ProgressController.run (C:\Users\kaver\AppData\Local\Temp\playwright-java-18146510346039525218\package\lib\server\progress.js:78:26)
    at Frame.click (C:\Users\kaver\AppData\Local\Temp\playwright-java-18146510346039525218\package\lib\server\frames.js:996:23)
    at FrameDispatcher.click (C:\Users\kaver\AppData\Local\Temp\playwright-java-18146510346039525218\package\lib\server\dispatchers\frameDispatcher.js:158:30)
    at FrameDispatcher._handleCommand (C:\Users\kaver\AppData\Local\Temp\playwright-java-18146510346039525218\package\lib\server\dispatchers\dispatcher.js:94:40)
    at DispatcherConnection.dispatch (C:\Users\kaver\AppData\Local\Temp\playwright-java-18146510346039525218\package\lib\server\dispatchers\dispatcher.js:365:39)
}
Call log:
- waiting for locator("//button[normalize-space()='Log Out']")

at com.microsoft.playwright.impl.Connection.dispatch(Connection.java:254)
at com.microsoft.playwright.impl.Connection.processOneMessage(Connection.java:211)
at com.microsoft.playwright.impl.ChannelOwner.runUntil(ChannelOwner.java:118)
... 30 more
... Removed 13 stack frames]]>
    </failure>
  </testcase> <!-- logoutTest -->
  <testcase classname="com.qa.sstaiframework.base.BaseTest" name="@AfterTest tearDown" time="0.0">
    <ignored/>
  </testcase> <!-- @AfterTest tearDown -->
  <testcase classname="com.qa.sstaiframework.base.BaseTest" name="@BeforeTest setUp" time="0.0">
    <ignored/>
  </testcase> <!-- @BeforeTest setUp -->
  <testcase classname="com.qa.sstaiframework.base.BaseTest" name="@AfterTest tearDown" time="0.0">
    <ignored/>
  </testcase> <!-- @AfterTest tearDown -->
  <testcase classname="com.qa.sstaiframework.base.BaseTest" name="@BeforeTest setUp" time="0.0">
    <ignored/>
  </testcase> <!-- @BeforeTest setUp -->
</testsuite> <!-- Login and Modules Navigation Test -->
