<?xml version="1.0" encoding="UTF-8"?>
<!-- Generated by org.testng.reporters.JUnitXMLReporter -->
<testsuite ignored="0" hostname="SSTDEVLT0010" failures="2" tests="9" name="Modules Navigation Debug" time="217.023" errors="0" timestamp="2024-12-30T15:48:53 IST">
  <testcase classname="com.qa.sstaiframework.tests.Modules_NavigationTest" name="createNewProjectTest" time="15.252"/>
  <testcase classname="com.qa.sstaiframework.tests.Modules_NavigationTest" name="agentScreenNavigationTest" time="30.021">
    <failure type="com.microsoft.playwright.TimeoutError" message="Error {
  message=&amp;apos;Timeout 30000ms exceeded.
  name=&amp;apos;TimeoutError
  stack=&amp;apos;TimeoutError: Timeout 30000ms exceeded.
    at ProgressController.run (C:\Users\kaver\AppData\Local\Temp\playwright-java-14250648681045103936\package\lib\server\progress.js:78:26)
    at Frame.click (C:\Users\kaver\AppData\Local\Temp\playwright-java-14250648681045103936\package\lib\server\frames.js:996:23)
    at FrameDispatcher.click (C:\Users\kaver\AppData\Local\Temp\playwright-java-14250648681045103936\package\lib\server\dispatchers\frameDispatcher.js:158:30)
    at FrameDispatcher._handleCommand (C:\Users\kaver\AppData\Local\Temp\playwright-java-14250648681045103936\package\lib\server\dispatchers\dispatcher.js:94:40)
    at DispatcherConnection.dispatch (C:\Users\kaver\AppData\Local\Temp\playwright-java-14250648681045103936\package\lib\server\dispatchers\dispatcher.js:365:39)
}
Call log:
- waiting for locator(&amp;quot;//button[normalize-space()=&amp;apos;Agents&amp;apos;]&amp;quot;)
-   locator resolved to &amp;lt;button class=&amp;quot;sidebar_navLinkStyleDark__8v1wT&amp;quot;&amp;gt;…&amp;lt;/button&amp;gt;
- attempting click action
-   waiting for element to be visible, enabled and stable
-   element is visible, enabled and stable
-   scrolling into view if needed
-   done scrolling
-   performing click action
">
      <![CDATA[com.microsoft.playwright.TimeoutError: Error {
  message='Timeout 30000ms exceeded.
  name='TimeoutError
  stack='TimeoutError: Timeout 30000ms exceeded.
    at ProgressController.run (C:\Users\kaver\AppData\Local\Temp\playwright-java-14250648681045103936\package\lib\server\progress.js:78:26)
    at Frame.click (C:\Users\kaver\AppData\Local\Temp\playwright-java-14250648681045103936\package\lib\server\frames.js:996:23)
    at FrameDispatcher.click (C:\Users\kaver\AppData\Local\Temp\playwright-java-14250648681045103936\package\lib\server\dispatchers\frameDispatcher.js:158:30)
    at FrameDispatcher._handleCommand (C:\Users\kaver\AppData\Local\Temp\playwright-java-14250648681045103936\package\lib\server\dispatchers\dispatcher.js:94:40)
    at DispatcherConnection.dispatch (C:\Users\kaver\AppData\Local\Temp\playwright-java-14250648681045103936\package\lib\server\dispatchers\dispatcher.js:365:39)
}
Call log:
- waiting for locator("//button[normalize-space()='Agents']")
-   locator resolved to <button class="sidebar_navLinkStyleDark__8v1wT">…</button>
- attempting click action
-   waiting for element to be visible, enabled and stable
-   element is visible, enabled and stable
-   scrolling into view if needed
-   done scrolling
-   performing click action

at com.microsoft.playwright.impl.WaitableResult.get(WaitableResult.java:52)
at com.microsoft.playwright.impl.ChannelOwner.runUntil(ChannelOwner.java:120)
at com.microsoft.playwright.impl.Connection.sendMessage(Connection.java:130)
at com.microsoft.playwright.impl.ChannelOwner.sendMessage(ChannelOwner.java:106)
at com.microsoft.playwright.impl.FrameImpl.clickImpl(FrameImpl.java:252)
at com.microsoft.playwright.impl.PageImpl.lambda$click$18(PageImpl.java:620)
at com.microsoft.playwright.impl.LoggingSupport.lambda$withLogging$0(LoggingSupport.java:36)
at com.microsoft.playwright.impl.LoggingSupport.withLogging(LoggingSupport.java:47)
at com.microsoft.playwright.impl.ChannelOwner.withLogging(ChannelOwner.java:89)
at com.microsoft.playwright.impl.LoggingSupport.withLogging(LoggingSupport.java:35)
at com.microsoft.playwright.impl.PageImpl.click(PageImpl.java:619)
at com.microsoft.playwright.Page.click(Page.java:3801)
at com.qa.sstaiframework.pages.ModulesNavigation.clickAgent(ModulesNavigation.java:58)
at com.qa.sstaiframework.tests.Modules_NavigationTest.agentScreenNavigationTest(Modules_NavigationTest.java:35)
at java.base/java.util.ArrayList.forEach(ArrayList.java:1511)
Caused by: com.microsoft.playwright.TimeoutError: Error {
  message='Timeout 30000ms exceeded.
  name='TimeoutError
  stack='TimeoutError: Timeout 30000ms exceeded.
    at ProgressController.run (C:\Users\kaver\AppData\Local\Temp\playwright-java-14250648681045103936\package\lib\server\progress.js:78:26)
    at Frame.click (C:\Users\kaver\AppData\Local\Temp\playwright-java-14250648681045103936\package\lib\server\frames.js:996:23)
    at FrameDispatcher.click (C:\Users\kaver\AppData\Local\Temp\playwright-java-14250648681045103936\package\lib\server\dispatchers\frameDispatcher.js:158:30)
    at FrameDispatcher._handleCommand (C:\Users\kaver\AppData\Local\Temp\playwright-java-14250648681045103936\package\lib\server\dispatchers\dispatcher.js:94:40)
    at DispatcherConnection.dispatch (C:\Users\kaver\AppData\Local\Temp\playwright-java-14250648681045103936\package\lib\server\dispatchers\dispatcher.js:365:39)
}
Call log:
- waiting for locator("//button[normalize-space()='Agents']")
-   locator resolved to <button class="sidebar_navLinkStyleDark__8v1wT">…</button>
- attempting click action
-   waiting for element to be visible, enabled and stable
-   element is visible, enabled and stable
-   scrolling into view if needed
-   done scrolling
-   performing click action

at com.microsoft.playwright.impl.Connection.dispatch(Connection.java:254)
at com.microsoft.playwright.impl.Connection.processOneMessage(Connection.java:211)
at com.microsoft.playwright.impl.ChannelOwner.runUntil(ChannelOwner.java:118)
... 40 more
... Removed 27 stack frames]]>
    </failure>
  </testcase> <!-- agentScreenNavigationTest -->
  <testcase classname="com.qa.sstaiframework.tests.Modules_NavigationTest" name="modelsScreenNavigationTest" time="25.76"/>
  <testcase classname="com.qa.sstaiframework.tests.Modules_NavigationTest" name="costingScreenNavigationTest" time="8.037"/>
  <testcase classname="com.qa.sstaiframework.tests.Modules_NavigationTest" name="policyScreenNavigationTest" time="12.732"/>
  <testcase classname="com.qa.sstaiframework.tests.Modules_NavigationTest" name="containerServicesScreenNavigationTest" time="7.196"/>
  <testcase classname="com.qa.sstaiframework.tests.Modules_NavigationTest" name="trainAgentsScreenNavigationTest" time="7.569"/>
  <testcase classname="com.qa.sstaiframework.tests.Modules_NavigationTest" name="chatScreenNavigationTest" time="5.345"/>
  <testcase classname="com.qa.sstaiframework.tests.Modules_NavigationTest" name="logoutTest" time="35.149">
    <failure type="com.microsoft.playwright.TimeoutError" message="Error {
  message=&amp;apos;Timeout 30000ms exceeded.
  name=&amp;apos;TimeoutError
  stack=&amp;apos;TimeoutError: Timeout 30000ms exceeded.
    at ProgressController.run (C:\Users\kaver\AppData\Local\Temp\playwright-java-14250648681045103936\package\lib\server\progress.js:78:26)
    at Frame.click (C:\Users\kaver\AppData\Local\Temp\playwright-java-14250648681045103936\package\lib\server\frames.js:996:23)
    at FrameDispatcher.click (C:\Users\kaver\AppData\Local\Temp\playwright-java-14250648681045103936\package\lib\server\dispatchers\frameDispatcher.js:158:30)
    at FrameDispatcher._handleCommand (C:\Users\kaver\AppData\Local\Temp\playwright-java-14250648681045103936\package\lib\server\dispatchers\dispatcher.js:94:40)
    at DispatcherConnection.dispatch (C:\Users\kaver\AppData\Local\Temp\playwright-java-14250648681045103936\package\lib\server\dispatchers\dispatcher.js:365:39)
}
Call log:
- waiting for locator(&amp;quot;//div[@aria-label=&amp;apos;Sign out Shweta.Paskanti@sstus.net work or school account.&amp;apos;]&amp;quot;)
">
      <![CDATA[com.microsoft.playwright.TimeoutError: Error {
  message='Timeout 30000ms exceeded.
  name='TimeoutError
  stack='TimeoutError: Timeout 30000ms exceeded.
    at ProgressController.run (C:\Users\kaver\AppData\Local\Temp\playwright-java-14250648681045103936\package\lib\server\progress.js:78:26)
    at Frame.click (C:\Users\kaver\AppData\Local\Temp\playwright-java-14250648681045103936\package\lib\server\frames.js:996:23)
    at FrameDispatcher.click (C:\Users\kaver\AppData\Local\Temp\playwright-java-14250648681045103936\package\lib\server\dispatchers\frameDispatcher.js:158:30)
    at FrameDispatcher._handleCommand (C:\Users\kaver\AppData\Local\Temp\playwright-java-14250648681045103936\package\lib\server\dispatchers\dispatcher.js:94:40)
    at DispatcherConnection.dispatch (C:\Users\kaver\AppData\Local\Temp\playwright-java-14250648681045103936\package\lib\server\dispatchers\dispatcher.js:365:39)
}
Call log:
- waiting for locator("//div[@aria-label='Sign out Shweta.Paskanti@sstus.net work or school account.']")

at com.microsoft.playwright.impl.WaitableResult.get(WaitableResult.java:52)
at com.microsoft.playwright.impl.ChannelOwner.runUntil(ChannelOwner.java:120)
at com.microsoft.playwright.impl.Connection.sendMessage(Connection.java:130)
at com.microsoft.playwright.impl.ChannelOwner.sendMessage(ChannelOwner.java:106)
at com.microsoft.playwright.impl.FrameImpl.clickImpl(FrameImpl.java:252)
at com.microsoft.playwright.impl.PageImpl.lambda$click$18(PageImpl.java:620)
at com.microsoft.playwright.impl.LoggingSupport.lambda$withLogging$0(LoggingSupport.java:36)
at com.microsoft.playwright.impl.LoggingSupport.withLogging(LoggingSupport.java:47)
at com.microsoft.playwright.impl.ChannelOwner.withLogging(ChannelOwner.java:89)
at com.microsoft.playwright.impl.LoggingSupport.withLogging(LoggingSupport.java:35)
at com.microsoft.playwright.impl.PageImpl.click(PageImpl.java:619)
at com.microsoft.playwright.Page.click(Page.java:3801)
at com.qa.sstaiframework.pages.ModulesNavigation.clickAccount(ModulesNavigation.java:189)
at com.qa.sstaiframework.tests.Modules_NavigationTest.logoutTest(Modules_NavigationTest.java:102)
at java.base/java.util.ArrayList.forEach(ArrayList.java:1511)
Caused by: com.microsoft.playwright.TimeoutError: Error {
  message='Timeout 30000ms exceeded.
  name='TimeoutError
  stack='TimeoutError: Timeout 30000ms exceeded.
    at ProgressController.run (C:\Users\kaver\AppData\Local\Temp\playwright-java-14250648681045103936\package\lib\server\progress.js:78:26)
    at Frame.click (C:\Users\kaver\AppData\Local\Temp\playwright-java-14250648681045103936\package\lib\server\frames.js:996:23)
    at FrameDispatcher.click (C:\Users\kaver\AppData\Local\Temp\playwright-java-14250648681045103936\package\lib\server\dispatchers\frameDispatcher.js:158:30)
    at FrameDispatcher._handleCommand (C:\Users\kaver\AppData\Local\Temp\playwright-java-14250648681045103936\package\lib\server\dispatchers\dispatcher.js:94:40)
    at DispatcherConnection.dispatch (C:\Users\kaver\AppData\Local\Temp\playwright-java-14250648681045103936\package\lib\server\dispatchers\dispatcher.js:365:39)
}
Call log:
- waiting for locator("//div[@aria-label='Sign out Shweta.Paskanti@sstus.net work or school account.']")

at com.microsoft.playwright.impl.Connection.dispatch(Connection.java:254)
at com.microsoft.playwright.impl.Connection.processOneMessage(Connection.java:211)
at com.microsoft.playwright.impl.ChannelOwner.runUntil(ChannelOwner.java:118)
... 40 more
... Removed 27 stack frames]]>
    </failure>
  </testcase> <!-- logoutTest -->
</testsuite> <!-- Modules Navigation Debug -->
