<?xml version="1.0" encoding="UTF-8"?>
<!-- Generated by org.testng.reporters.JUnitXMLReporter -->
<testsuite ignored="0" hostname="SSTDEVLT0010" failures="0" tests="2" name="Application Tests" time="49.685" errors="0" timestamp="2025-01-07T15:34:14 IST">
  <testcase classname="com.qa.sstaiframework.tests.Login_ProcessTest" name="getLoginPageTitleTest" time="0.014"/>
  <testcase classname="com.qa.sstaiframework.tests.Login_ProcessTest" name="getchatHeadingTest" time="0.031"/>
</testsuite> <!-- Application Tests -->
