<?xml version="1.0" encoding="UTF-8"?>
<testsuite xmlns:xsi="http://www.w3.org/2001/XMLSchema-instance" xsi:noNamespaceSchemaLocation="https://maven.apache.org/surefire/maven-surefire-plugin/xsd/surefire-test-report.xsd" name="TestSuite" time="11.265" tests="36" errors="0" skipped="25" failures="11">
  <properties>
[...]
</properties>
  <testcase name="setUpAgentTest" classname="com.qa.sstaiframework.tests.Agent_CheckAgentsTest" time="10.779">
    <failure message="Cannot invoke &quot;java.util.Properties.getProperty(String)&quot; because &quot;this.prop&quot; is null" type="java.lang.NullPointerException">java.lang.NullPointerException: Cannot invoke "java.util.Properties.getProperty(String)" because "this.prop" is null
	at com.qa.sstaiframework.tests.Agent_CheckAgentsTest.setUpAgentTest(Agent_CheckAgentsTest.java:22)
</failure>
    <system-out><![CDATA[Browser name is : chrome
Starting setup for Check Agents Test...
]]></system-out>
  </testcase>
  <testcase name="testCheckCreatedAgent" classname="com.qa.sstaiframework.tests.Agent_CheckAgentsTest" time="0">
    <skipped message="Cannot invoke &quot;java.util.Properties.getProperty(String)&quot; because &quot;this.prop&quot; is null"/>
  </testcase>
  <testcase name="testSelectCreatedAgent" classname="com.qa.sstaiframework.tests.Agent_CheckAgentsTest" time="0">
    <skipped message="Method com.qa.sstaiframework.tests.Agent_CheckAgentsTest.testSelectCreatedAgent() on instance com.qa.sstaiframework.tests.Agent_CheckAgentsTest@3e92efc3 depends on not successfully finished methods &#10;[com.qa.sstaiframework.tests.Agent_CheckAgentsTest.testCheckCreatedAgent() on instance com.qa.sstaiframework.tests.Agent_CheckAgentsTest@3e92efc3]"/>
  </testcase>
  <testcase name="navigateToSubAgentScreenTest" classname="com.qa.sstaiframework.tests.Agent_CheckAgentsTest" time="0">
    <skipped message="Cannot invoke &quot;java.util.Properties.getProperty(String)&quot; because &quot;this.prop&quot; is null"/>
  </testcase>
  <testcase name="setUpAgentCreation" classname="com.qa.sstaiframework.tests.Agent_CreateTest" time="0.004">
    <failure message="Cannot invoke &quot;java.util.Properties.getProperty(String)&quot; because &quot;this.prop&quot; is null" type="java.lang.NullPointerException">java.lang.NullPointerException: Cannot invoke "java.util.Properties.getProperty(String)" because "this.prop" is null
	at com.qa.sstaiframework.tests.Agent_CreateTest.setUpAgentCreation(Agent_CreateTest.java:21)
</failure>
    <system-out><![CDATA[Starting setup for Agent Creation Test.
Logging in...
]]></system-out>
    <system-err><![CDATA[Setup failed: Cannot invoke "java.util.Properties.getProperty(String)" because "this.prop" is null
]]></system-err>
  </testcase>
  <testcase name="testCreateAgent" classname="com.qa.sstaiframework.tests.Agent_CreateTest" time="0">
    <skipped message="Cannot invoke &quot;java.util.Properties.getProperty(String)&quot; because &quot;this.prop&quot; is null"/>
  </testcase>
  <testcase name="setUpAgentTest" classname="com.qa.sstaiframework.tests.Agent_EditTest" time="0.002">
    <failure message="Cannot invoke &quot;java.util.Properties.getProperty(String)&quot; because &quot;this.prop&quot; is null" type="java.lang.NullPointerException">java.lang.NullPointerException: Cannot invoke "java.util.Properties.getProperty(String)" because "this.prop" is null
	at com.qa.sstaiframework.tests.Agent_EditTest.setUpAgentTest(Agent_EditTest.java:20)
</failure>
    <system-out><![CDATA[Starting setup for Check Agents Test...
]]></system-out>
  </testcase>
  <testcase name="editAgentTest" classname="com.qa.sstaiframework.tests.Agent_EditTest" time="0">
    <skipped message="Cannot invoke &quot;java.util.Properties.getProperty(String)&quot; because &quot;this.prop&quot; is null"/>
  </testcase>
  <testcase name="setUpAgentValidation" classname="com.qa.sstaiframework.tests.Agent_ValidationTest" time="0.005">
    <failure message="Cannot invoke &quot;java.util.Properties.getProperty(String)&quot; because &quot;this.prop&quot; is null" type="java.lang.NullPointerException">java.lang.NullPointerException: Cannot invoke "java.util.Properties.getProperty(String)" because "this.prop" is null
	at com.qa.sstaiframework.tests.Agent_ValidationTest.setUpAgentValidation(Agent_ValidationTest.java:23)
</failure>
    <system-out><![CDATA[Starting setup for Agent Validation Test.
]]></system-out>
  </testcase>
  <testcase name="checkProfileValidationTest" classname="com.qa.sstaiframework.tests.Agent_ValidationTest" time="0">
    <skipped message="Cannot invoke &quot;java.util.Properties.getProperty(String)&quot; because &quot;this.prop&quot; is null"/>
  </testcase>
  <testcase name="checkConfigValidationTest" classname="com.qa.sstaiframework.tests.Agent_ValidationTest" time="0">
    <skipped message="Cannot invoke &quot;java.util.Properties.getProperty(String)&quot; because &quot;this.prop&quot; is null"/>
  </testcase>
  <testcase name="appLoginSetup" classname="com.qa.sstaiframework.tests.Login_ProcessTest" time="0.006">
    <failure message="Cannot invoke &quot;java.util.Properties.getProperty(String)&quot; because &quot;this.prop&quot; is null" type="java.lang.NullPointerException">java.lang.NullPointerException: Cannot invoke "java.util.Properties.getProperty(String)" because "this.prop" is null
	at com.qa.sstaiframework.tests.Login_ProcessTest.appLoginSetup(Login_ProcessTest.java:13)
</failure>
  </testcase>
  <testcase name="getLoginPageTitleTest" classname="com.qa.sstaiframework.tests.Login_ProcessTest" time="0">
    <skipped message="Cannot invoke &quot;java.util.Properties.getProperty(String)&quot; because &quot;this.prop&quot; is null"/>
  </testcase>
  <testcase name="getchatHeadingTest" classname="com.qa.sstaiframework.tests.Login_ProcessTest" time="0">
    <skipped message="Cannot invoke &quot;java.util.Properties.getProperty(String)&quot; because &quot;this.prop&quot; is null"/>
  </testcase>
  <testcase name="setUpAgentTest" classname="com.qa.sstaiframework.tests.Navigate_AgentTabsTest" time="0.004">
    <failure message="Cannot invoke &quot;java.util.Properties.getProperty(String)&quot; because &quot;this.prop&quot; is null" type="java.lang.NullPointerException">java.lang.NullPointerException: Cannot invoke "java.util.Properties.getProperty(String)" because "this.prop" is null
	at com.qa.sstaiframework.tests.Navigate_AgentTabsTest.setUpAgentTest(Navigate_AgentTabsTest.java:20)
</failure>
    <system-out><![CDATA[Starting setup for Check Agents Test...
]]></system-out>
  </testcase>
  <testcase name="switchBtwnSubAgentTabs" classname="com.qa.sstaiframework.tests.Navigate_AgentTabsTest" time="0">
    <skipped message="Cannot invoke &quot;java.util.Properties.getProperty(String)&quot; because &quot;this.prop&quot; is null"/>
  </testcase>
  <testcase name="setUpModulesNavigation" classname="com.qa.sstaiframework.tests.Navigate_ModulesTest" time="0.002">
    <failure message="Cannot invoke &quot;java.util.Properties.getProperty(String)&quot; because &quot;this.prop&quot; is null" type="java.lang.NullPointerException">java.lang.NullPointerException: Cannot invoke "java.util.Properties.getProperty(String)" because "this.prop" is null
	at com.qa.sstaiframework.tests.Navigate_ModulesTest.setUpModulesNavigation(Navigate_ModulesTest.java:17)
</failure>
  </testcase>
  <testcase name="createNewProjectTest" classname="com.qa.sstaiframework.tests.Navigate_ModulesTest" time="0">
    <skipped message="Cannot invoke &quot;java.util.Properties.getProperty(String)&quot; because &quot;this.prop&quot; is null"/>
  </testcase>
  <testcase name="agentScreenNavigationTest" classname="com.qa.sstaiframework.tests.Navigate_ModulesTest" time="0">
    <skipped message="Cannot invoke &quot;java.util.Properties.getProperty(String)&quot; because &quot;this.prop&quot; is null"/>
  </testcase>
  <testcase name="modelsScreenNavigationTest" classname="com.qa.sstaiframework.tests.Navigate_ModulesTest" time="0">
    <skipped message="Cannot invoke &quot;java.util.Properties.getProperty(String)&quot; because &quot;this.prop&quot; is null"/>
  </testcase>
  <testcase name="costingScreenNavigationTest" classname="com.qa.sstaiframework.tests.Navigate_ModulesTest" time="0">
    <skipped message="Cannot invoke &quot;java.util.Properties.getProperty(String)&quot; because &quot;this.prop&quot; is null"/>
  </testcase>
  <testcase name="policyScreenNavigationTest" classname="com.qa.sstaiframework.tests.Navigate_ModulesTest" time="0">
    <skipped message="Cannot invoke &quot;java.util.Properties.getProperty(String)&quot; because &quot;this.prop&quot; is null"/>
  </testcase>
  <testcase name="containerServicesScreenNavigationTest" classname="com.qa.sstaiframework.tests.Navigate_ModulesTest" time="0">
    <skipped message="Cannot invoke &quot;java.util.Properties.getProperty(String)&quot; because &quot;this.prop&quot; is null"/>
  </testcase>
  <testcase name="trainAgentsScreenNavigationTest" classname="com.qa.sstaiframework.tests.Navigate_ModulesTest" time="0">
    <skipped message="Cannot invoke &quot;java.util.Properties.getProperty(String)&quot; because &quot;this.prop&quot; is null"/>
  </testcase>
  <testcase name="chatScreenNavigationTest" classname="com.qa.sstaiframework.tests.Navigate_ModulesTest" time="0">
    <skipped message="Cannot invoke &quot;java.util.Properties.getProperty(String)&quot; because &quot;this.prop&quot; is null"/>
  </testcase>
  <testcase name="logoutTest" classname="com.qa.sstaiframework.tests.Navigate_ModulesTest" time="0">
    <skipped message="Cannot invoke &quot;java.util.Properties.getProperty(String)&quot; because &quot;this.prop&quot; is null"/>
  </testcase>
  <testcase name="setUpAgentTest" classname="com.qa.sstaiframework.tests.Navigate_SubAgentTabsTest" time="0">
    <failure message="Cannot invoke &quot;java.util.Properties.getProperty(String)&quot; because &quot;this.prop&quot; is null" type="java.lang.NullPointerException">java.lang.NullPointerException: Cannot invoke "java.util.Properties.getProperty(String)" because "this.prop" is null
	at com.qa.sstaiframework.tests.Navigate_SubAgentTabsTest.setUpAgentTest(Navigate_SubAgentTabsTest.java:20)
</failure>
    <system-out><![CDATA[Starting setup for Check Agents Test...
]]></system-out>
  </testcase>
  <testcase name="switchBtwnTabsTest" classname="com.qa.sstaiframework.tests.Navigate_SubAgentTabsTest" time="0">
    <skipped message="Cannot invoke &quot;java.util.Properties.getProperty(String)&quot; because &quot;this.prop&quot; is null"/>
  </testcase>
  <testcase name="NextBtnSwitchTabsTest" classname="com.qa.sstaiframework.tests.Navigate_SubAgentTabsTest" time="0">
    <skipped message="Cannot invoke &quot;java.util.Properties.getProperty(String)&quot; because &quot;this.prop&quot; is null"/>
  </testcase>
  <testcase name="setUpAgentTest" classname="com.qa.sstaiframework.tests.SubAgent_CreateTest" time="0">
    <failure message="Cannot invoke &quot;java.util.Properties.getProperty(String)&quot; because &quot;this.prop&quot; is null" type="java.lang.NullPointerException">java.lang.NullPointerException: Cannot invoke "java.util.Properties.getProperty(String)" because "this.prop" is null
	at com.qa.sstaiframework.tests.SubAgent_CreateTest.setUpAgentTest(SubAgent_CreateTest.java:24)
</failure>
    <system-out><![CDATA[Starting setup for Check Agents Test...
]]></system-out>
  </testcase>
  <testcase name="testCreateAgent" classname="com.qa.sstaiframework.tests.SubAgent_CreateTest" time="0">
    <skipped message="Cannot invoke &quot;java.util.Properties.getProperty(String)&quot; because &quot;this.prop&quot; is null"/>
  </testcase>
  <testcase name="setUpAgentTest" classname="com.qa.sstaiframework.tests.SubAgent_EditTest" time="0.001">
    <failure message="Cannot invoke &quot;java.util.Properties.getProperty(String)&quot; because &quot;this.prop&quot; is null" type="java.lang.NullPointerException">java.lang.NullPointerException: Cannot invoke "java.util.Properties.getProperty(String)" because "this.prop" is null
	at com.qa.sstaiframework.tests.SubAgent_EditTest.setUpAgentTest(SubAgent_EditTest.java:20)
</failure>
    <system-out><![CDATA[Starting setup for Check Agents Test...
]]></system-out>
  </testcase>
  <testcase name="editSAAgentTest" classname="com.qa.sstaiframework.tests.SubAgent_EditTest" time="0">
    <skipped message="Cannot invoke &quot;java.util.Properties.getProperty(String)&quot; because &quot;this.prop&quot; is null"/>
  </testcase>
  <testcase name="setUpAgentTest" classname="com.qa.sstaiframework.tests.SubAgent_ValidationTest" time="0.001">
    <failure message="Cannot invoke &quot;java.util.Properties.getProperty(String)&quot; because &quot;this.prop&quot; is null" type="java.lang.NullPointerException">java.lang.NullPointerException: Cannot invoke "java.util.Properties.getProperty(String)" because "this.prop" is null
	at com.qa.sstaiframework.tests.SubAgent_ValidationTest.setUpAgentTest(SubAgent_ValidationTest.java:24)
</failure>
    <system-out><![CDATA[Starting setup for Check Agents Test...
]]></system-out>
  </testcase>
  <testcase name="checkProfileValidationTest" classname="com.qa.sstaiframework.tests.SubAgent_ValidationTest" time="0">
    <skipped message="Cannot invoke &quot;java.util.Properties.getProperty(String)&quot; because &quot;this.prop&quot; is null"/>
  </testcase>
  <testcase name="checkConfigValidationTest" classname="com.qa.sstaiframework.tests.SubAgent_ValidationTest" time="0">
    <skipped message="Cannot invoke &quot;java.util.Properties.getProperty(String)&quot; because &quot;this.prop&quot; is null"/>
  </testcase>
</testsuite>