-------------------------------------------------------------------------------
Test set: TestSuite
-------------------------------------------------------------------------------
Tests run: 27, Failures: 7, Errors: 0, Skipped: 20, Time elapsed: 19.739 s <<< FAILURE! - in TestSuite
setUpAgentTest(com.qa.sstaiframework.tests.Agent_CheckAgentsTest)  Time elapsed: 19.338 s  <<< FAILURE!
java.lang.NullPointerException: Cannot invoke "java.util.Properties.getProperty(String)" because "this.prop" is null
	at com.qa.sstaiframework.tests.Agent_CheckAgentsTest.setUpAgentTest(Agent_CheckAgentsTest.java:22)

setUpAgentCreation(com.qa.sstaiframework.tests.Agent_CreateTest)  Time elapsed: 0.003 s  <<< FAILURE!
java.lang.NullPointerException: Cannot invoke "java.util.Properties.getProperty(String)" because "this.prop" is null
	at com.qa.sstaiframework.tests.Agent_CreateTest.setUpAgentCreation(Agent_CreateTest.java:21)

setUpAgentValidation(com.qa.sstaiframework.tests.Agent_ValidationTest)  Time elapsed: 0.001 s  <<< FAILURE!
java.lang.NullPointerException: Cannot invoke "java.util.Properties.getProperty(String)" because "this.prop" is null
	at com.qa.sstaiframework.tests.Agent_ValidationTest.setUpAgentValidation(Agent_ValidationTest.java:23)

appLoginSetup(com.qa.sstaiframework.tests.Login_ProcessTest)  Time elapsed: 0.001 s  <<< FAILURE!
java.lang.NullPointerException: Cannot invoke "java.util.Properties.getProperty(String)" because "this.prop" is null
	at com.qa.sstaiframework.tests.Login_ProcessTest.appLoginSetup(Login_ProcessTest.java:13)

setUpModulesNavigation(com.qa.sstaiframework.tests.Modules_NavigationTest)  Time elapsed: 0.002 s  <<< FAILURE!
java.lang.NullPointerException: Cannot invoke "java.util.Properties.getProperty(String)" because "this.prop" is null
	at com.qa.sstaiframework.tests.Modules_NavigationTest.setUpModulesNavigation(Modules_NavigationTest.java:17)

setUpAgentTest(com.qa.sstaiframework.tests.SubAgent_CreateTest)  Time elapsed: 0.001 s  <<< FAILURE!
java.lang.NullPointerException: Cannot invoke "java.util.Properties.getProperty(String)" because "this.prop" is null
	at com.qa.sstaiframework.tests.SubAgent_CreateTest.setUpAgentTest(SubAgent_CreateTest.java:24)

setUpAgentTest(com.qa.sstaiframework.tests.SubAgent_ValidationTest)  Time elapsed: 0.001 s  <<< FAILURE!
java.lang.NullPointerException: Cannot invoke "java.util.Properties.getProperty(String)" because "this.prop" is null
	at com.qa.sstaiframework.tests.SubAgent_ValidationTest.setUpAgentTest(SubAgent_ValidationTest.java:24)

