-------------------------------------------------------------------------------
Test set: TestSuite
-------------------------------------------------------------------------------
Tests run: 30, Failures: 12, Errors: 0, Skipped: 18, Time elapsed: 27.86 s <<< FAILURE! - in TestSuite
setUpAgentTest(com.qa.sstaiframework.tests.Agent_CheckAgentsTest)  Time elapsed: 26.743 s  <<< FAILURE!
java.lang.NullPointerException: Cannot invoke "java.util.Properties.getProperty(String)" because "this.prop" is null
	at com.qa.sstaiframework.tests.Agent_CheckAgentsTest.setUpAgentTest(Agent_CheckAgentsTest.java:22)

setUpAgentCreation(com.qa.sstaiframework.tests.Agent_CreateTest)  Time elapsed: 0.005 s  <<< FAILURE!
java.lang.NullPointerException: Cannot invoke "java.util.Properties.getProperty(String)" because "this.prop" is null
	at com.qa.sstaiframework.tests.Agent_CreateTest.setUpAgentCreation(Agent_CreateTest.java:21)

setUpAgentTest(com.qa.sstaiframework.tests.Agent_EditTest)  Time elapsed: 0.003 s  <<< FAILURE!
java.lang.NullPointerException: Cannot invoke "java.util.Properties.getProperty(String)" because "this.prop" is null
	at com.qa.sstaiframework.tests.Agent_EditTest.setUpAgentTest(Agent_EditTest.java:20)

setUpAgentValidation(com.qa.sstaiframework.tests.Agent_ValidationTest)  Time elapsed: 0.004 s  <<< FAILURE!
java.lang.NullPointerException: Cannot invoke "java.util.Properties.getProperty(String)" because "this.prop" is null
	at com.qa.sstaiframework.tests.Agent_ValidationTest.setUpAgentValidation(Agent_ValidationTest.java:23)

appLoginSetup(com.qa.sstaiframework.tests.Login_ProcessTest)  Time elapsed: 0.003 s  <<< FAILURE!
java.lang.NullPointerException: Cannot invoke "java.util.Properties.getProperty(String)" because "this.prop" is null
	at com.qa.sstaiframework.tests.Login_ProcessTest.appLoginSetup(Login_ProcessTest.java:13)

setUpAgentTest(com.qa.sstaiframework.tests.Models_PageTest)  Time elapsed: 0.005 s  <<< FAILURE!
java.lang.NullPointerException: Cannot invoke "java.util.Properties.getProperty(String)" because "this.prop" is null
	at com.qa.sstaiframework.tests.Models_PageTest.setUpAgentTest(Models_PageTest.java:20)

setUpAgentTest(com.qa.sstaiframework.tests.Navigate_AgentTabsTest)  Time elapsed: 0.003 s  <<< FAILURE!
java.lang.NullPointerException: Cannot invoke "java.util.Properties.getProperty(String)" because "this.prop" is null
	at com.qa.sstaiframework.tests.Navigate_AgentTabsTest.setUpAgentTest(Navigate_AgentTabsTest.java:20)

setUpModulesNavigation(com.qa.sstaiframework.tests.Navigate_ModulesTest)  Time elapsed: 0.004 s  <<< FAILURE!
java.lang.NullPointerException: Cannot invoke "java.util.Properties.getProperty(String)" because "this.prop" is null
	at com.qa.sstaiframework.tests.Navigate_ModulesTest.setUpModulesNavigation(Navigate_ModulesTest.java:17)

setUpAgentTest(com.qa.sstaiframework.tests.Navigate_SubAgentTabsTest)  Time elapsed: 0.002 s  <<< FAILURE!
java.lang.NullPointerException: Cannot invoke "java.util.Properties.getProperty(String)" because "this.prop" is null
	at com.qa.sstaiframework.tests.Navigate_SubAgentTabsTest.setUpAgentTest(Navigate_SubAgentTabsTest.java:20)

setUpAgentTest(com.qa.sstaiframework.tests.SubAgent_CreateTest)  Time elapsed: 0.004 s  <<< FAILURE!
java.lang.NullPointerException: Cannot invoke "java.util.Properties.getProperty(String)" because "this.prop" is null
	at com.qa.sstaiframework.tests.SubAgent_CreateTest.setUpAgentTest(SubAgent_CreateTest.java:24)

setUpAgentTest(com.qa.sstaiframework.tests.SubAgent_EditTest)  Time elapsed: 0.004 s  <<< FAILURE!
java.lang.NullPointerException: Cannot invoke "java.util.Properties.getProperty(String)" because "this.prop" is null
	at com.qa.sstaiframework.tests.SubAgent_EditTest.setUpAgentTest(SubAgent_EditTest.java:20)

setUpAgentTest(com.qa.sstaiframework.tests.SubAgent_ValidationTest)  Time elapsed: 0.004 s  <<< FAILURE!
java.lang.NullPointerException: Cannot invoke "java.util.Properties.getProperty(String)" because "this.prop" is null
	at com.qa.sstaiframework.tests.SubAgent_ValidationTest.setUpAgentTest(SubAgent_ValidationTest.java:24)

